<?xml version="1.0" encoding="UTF-8" ?>
<testsuite tests="5" failures="0" name="nicebank.CukesTest" time="0.33" errors="0" skipped="2">
  <properties>
[...]
</properties>
  <testcase classname="Scenario: Successful withdrawal from an account in credir" name="Given I have deposited $100.00 in my account" time="0"/>
  <testcase classname="Scenario: Successful withdrawal from an account in credir" name="When I request $20" time="0"/>
  <testcase classname="Scenario: Successful withdrawal from an account in credir" name="Then $20 should be dispensed" time="0">
    <skipped/>
  </testcase>
  <testcase classname="Scenario: Successful withdrawal from an account in credir" name="Scenario: Successful withdrawal from an account in credir" time="0">
    <skipped/>
  </testcase>
  <testcase classname="Scenario: Successful withdrawal from an account in credir" name="Scenario: Successful withdrawal from an account in credir" time="0"/>
</testsuite>